2023-07-22 10:59:01,001 - log_little_shark_v_1 - INFO - Getting tradable symbols from Binance.
2023-07-22 10:59:35,413 - log_little_shark_v_1 - INFO - 4 pairs found
2023-07-22 10:59:35,416 - log_little_shark_v_1 - INFO - Deriving recent price, with the interval of 15m and num of interval limit 400
2023-07-22 10:59:37,270 - log_little_shark_v_1 - INFO - 4 items stored, 0items not stored
2023-07-22 10:59:37,275 - log_little_shark_v_1 - INFO - Prices saved successfully.
2023-07-22 10:59:37,277 - log_little_shark_v_1 - INFO - Obtaining co-integrated pairs
2023-07-22 11:01:17,929 - log_little_shark_v_1 - INFO - The trading_min_qty.json file has been completed.
2023-07-22 11:01:17,932 - log_little_shark_v_1 - INFO - Getting tradable symbols from Binance.
2023-07-22 11:01:40,839 - log_little_shark_v_1 - INFO - 4 pairs found
2023-07-22 11:01:40,841 - log_little_shark_v_1 - INFO - Deriving recent price, with the interval of 15m and num of interval limit 400
2023-07-22 11:01:43,043 - log_little_shark_v_1 - INFO - 4 items stored, 0items not stored
2023-07-22 11:01:43,048 - log_little_shark_v_1 - INFO - Prices saved successfully.
2023-07-22 11:01:43,049 - log_little_shark_v_1 - INFO - Obtaining co-integrated pairs
2023-07-22 11:01:46,314 - log_little_shark_v_1 - INFO - Obtaining co-integrated pairs complete.
2023-07-22 11:02:44,788 - log_little_shark_v_1 - INFO - The trading_min_qty.json file has been completed.
2023-07-22 11:02:44,790 - log_little_shark_v_1 - INFO - Getting tradable symbols from Binance.
2023-07-22 11:03:06,937 - log_little_shark_v_1 - INFO - 4 pairs found
2023-07-22 11:03:06,941 - log_little_shark_v_1 - INFO - Deriving recent price, with the interval of 15m and num of interval limit 400
2023-07-22 11:03:07,806 - log_little_shark_v_1 - INFO - 4 items stored, 0items not stored
2023-07-22 11:03:07,811 - log_little_shark_v_1 - INFO - Prices saved successfully.
2023-07-22 11:03:07,813 - log_little_shark_v_1 - INFO - Obtaining co-integrated pairs
2023-07-22 11:03:09,173 - log_little_shark_v_1 - INFO - Obtaining co-integrated pairs complete.
2023-07-22 11:03:39,129 - log_little_shark_v_1 - INFO - The trading_min_qty.json file has been completed.
2023-07-22 11:03:39,131 - log_little_shark_v_1 - INFO - Getting tradable symbols from Binance.
2023-07-22 11:04:06,649 - log_little_shark_v_1 - INFO - 4 pairs found
2023-07-22 11:04:06,651 - log_little_shark_v_1 - INFO - Deriving recent price, with the interval of 15m and num of interval limit 400
2023-07-22 11:04:07,463 - log_little_shark_v_1 - INFO - 4 items stored, 0items not stored
2023-07-22 11:04:07,467 - log_little_shark_v_1 - INFO - Prices saved successfully.
2023-07-22 11:04:07,469 - log_little_shark_v_1 - INFO - Obtaining co-integrated pairs
2023-07-22 11:04:09,010 - log_little_shark_v_1 - INFO - Obtaining co-integrated pairs complete.
2023-07-22 11:05:34,973 - log_little_shark_v_1 - INFO - 4 pairs found
2023-07-22 11:06:22,184 - log_little_shark_v_1 - INFO - The trading_min_qty.json file has been completed.
2023-07-22 11:06:22,186 - log_little_shark_v_1 - INFO - Getting tradable symbols from Binance.
2023-07-22 11:06:40,982 - log_little_shark_v_1 - INFO - 4 pairs found
2023-07-22 11:06:40,985 - log_little_shark_v_1 - INFO - Deriving recent price, with the interval of 15m and num of interval limit 400
2023-07-22 11:06:41,879 - log_little_shark_v_1 - INFO - 4 items stored, 0items not stored
2023-07-22 11:06:41,884 - log_little_shark_v_1 - INFO - Prices saved successfully.
2023-07-22 11:06:41,885 - log_little_shark_v_1 - INFO - Obtaining co-integrated pairs
2023-07-22 11:06:43,244 - log_little_shark_v_1 - INFO - Obtaining co-integrated pairs complete.
2023-07-22 11:08:40,839 - log_little_shark_v_1 - INFO - The trading_min_qty.json file has been completed.
2023-07-22 11:08:40,841 - log_little_shark_v_1 - INFO - Getting tradable symbols from Binance.
2023-07-22 11:09:19,396 - log_little_shark_v_1 - INFO - 4 pairs found
2023-07-22 11:09:19,399 - log_little_shark_v_1 - INFO - Deriving recent price, with the interval of 15m and num of interval limit 400
2023-07-22 11:09:21,096 - log_little_shark_v_1 - INFO - 4 items stored, 0items not stored
2023-07-22 11:09:21,102 - log_little_shark_v_1 - INFO - Prices saved successfully.
2023-07-22 11:09:21,103 - log_little_shark_v_1 - INFO - Obtaining co-integrated pairs
2023-07-22 11:09:24,113 - log_little_shark_v_1 - INFO - Obtaining co-integrated pairs complete.
2023-07-22 11:21:28,392 - log_little_shark_v_1 - INFO - 13 items stored, 0items not stored
2023-07-22 11:21:28,398 - log_little_shark_v_1 - INFO - Prices saved successfully.
2023-07-22 11:21:28,399 - log_little_shark_v_1 - INFO - Obtaining co-integrated pairs
2023-07-22 11:21:50,026 - log_little_shark_v_1 - INFO - Obtaining co-integrated pairs complete.
2023-07-22 11:44:37,612 - log_little_shark_v_1 - INFO - 7 items stored, 0items not stored
2023-07-22 11:44:37,621 - log_little_shark_v_1 - INFO - Prices saved successfully.
2023-07-29 18:48:12,848 - log_little_shark_v_1 - INFO - Getting tradable symbols from Binance.
2023-07-29 18:48:50,165 - log_little_shark_v_1 - INFO - 4 pairs found
2023-07-29 18:48:50,168 - log_little_shark_v_1 - INFO - Deriving recent price, with the interval of 15m and num of interval limit 400
2023-07-29 18:48:51,101 - log_little_shark_v_1 - INFO - 4 items stored, 0items not stored
2023-07-29 18:48:51,105 - log_little_shark_v_1 - INFO - Prices saved successfully.
2023-07-29 18:48:51,105 - log_little_shark_v_1 - INFO - Obtaining co-integrated pairs
2023-07-29 18:53:55,386 - log_little_shark_v_1 - INFO - Getting tradable symbols from Binance.
2023-07-29 18:54:09,875 - log_little_shark_v_1 - INFO - Getting tradable symbols from Binance.
2023-07-29 18:54:18,087 - log_little_shark_v_1 - CRITICAL - Little Shark v1.0 start!!!
2023-07-29 18:54:18,499 - log_little_shark_v_1 - INFO - The trading_min_qty.json file has been completed.
2023-07-29 18:54:20,473 - log_little_shark_v_1 - CRITICAL - Initialization complete!
2023-07-29 18:54:20,473 - log_little_shark_v_1 - CRITICAL - Starting to search best trading pairs for wave 1
2023-07-29 18:54:20,473 - log_little_shark_v_1 - INFO - Getting tradable symbols from Binance.
2023-07-29 18:54:51,665 - log_little_shark_v_1 - INFO - 4 pairs found
2023-07-29 18:54:51,667 - log_little_shark_v_1 - INFO - Deriving recent price, with the interval of 15m and num of interval limit 400
2023-07-29 18:54:52,412 - log_little_shark_v_1 - INFO - 4 items stored, 0items not stored
2023-07-29 18:54:52,415 - log_little_shark_v_1 - INFO - Prices saved successfully.
2023-07-29 18:54:52,415 - log_little_shark_v_1 - INFO - Obtaining co-integrated pairs
2023-07-29 18:54:53,384 - log_little_shark_v_1 - INFO - Obtaining co-integrated pairs complete.
2023-07-29 18:54:53,384 - log_little_shark_v_1 - INFO - Chooing the best trading pair
2023-07-29 18:54:53,386 - log_little_shark_v_1 - CRITICAL - Tradable symbols NOT found. Wait for 30s and search again
2023-07-29 18:56:18,675 - log_little_shark_v_1 - INFO - Getting tradable symbols from Binance.
2023-07-29 18:56:50,788 - log_little_shark_v_1 - INFO - 55 pairs found
2023-07-29 18:56:50,789 - log_little_shark_v_1 - INFO - Deriving recent price, with the interval of 30m and num of interval limit 400
2023-07-29 18:57:22,049 - log_little_shark_v_1 - INFO - 55 items stored, 0items not stored
2023-07-29 18:57:22,072 - log_little_shark_v_1 - INFO - Prices saved successfully.
2023-07-29 18:57:22,072 - log_little_shark_v_1 - INFO - Obtaining co-integrated pairs
2023-07-29 18:58:49,139 - log_little_shark_v_1 - INFO - Getting tradable symbols from Binance.
2023-07-29 18:58:59,006 - log_little_shark_v_1 - CRITICAL - Little Shark v1.0 start!!!
2023-07-29 18:58:59,593 - log_little_shark_v_1 - INFO - The trading_min_qty.json file has been completed.
2023-07-29 18:59:00,014 - log_little_shark_v_1 - CRITICAL - Initialization complete!
2023-07-29 18:59:00,014 - log_little_shark_v_1 - CRITICAL - Starting to search best trading pairs for wave 1
2023-07-29 18:59:00,014 - log_little_shark_v_1 - INFO - Getting tradable symbols from Binance.
2023-07-29 18:59:38,961 - log_little_shark_v_1 - INFO - Obtaining co-integrated pairs
2023-07-29 19:00:13,453 - log_little_shark_v_1 - INFO - Obtaining co-integrated pairs complete.
2023-07-29 19:00:13,453 - log_little_shark_v_1 - INFO - Chooing the best trading pair
2023-07-29 19:00:13,454 - log_little_shark_v_1 - CRITICAL - Tradable symbols found SNXUSDT and DOTUSDT
2023-07-29 19:06:35,821 - log_little_shark_v_1 - INFO - Obtaining co-integrated pairs
2023-07-29 19:07:10,633 - log_little_shark_v_1 - INFO - Obtaining co-integrated pairs complete.
2023-07-29 19:07:10,633 - log_little_shark_v_1 - INFO - Chooing the best trading pair
2023-07-29 19:07:10,635 - log_little_shark_v_1 - CRITICAL - Tradable symbols NOT found. Wait for 60s and search again
2023-07-29 19:08:10,636 - log_little_shark_v_1 - INFO - Obtaining co-integrated pairs
2023-07-29 19:08:55,486 - log_little_shark_v_1 - INFO - Obtaining co-integrated pairs complete.
2023-07-29 19:08:55,486 - log_little_shark_v_1 - INFO - Chooing the best trading pair
2023-07-29 19:08:55,487 - log_little_shark_v_1 - CRITICAL - Tradable symbols NOT found. Wait for 60s and search again
2023-07-29 19:09:55,487 - log_little_shark_v_1 - INFO - Obtaining co-integrated pairs
2023-07-29 19:10:42,916 - log_little_shark_v_1 - INFO - Obtaining co-integrated pairs complete.
2023-07-29 19:10:42,916 - log_little_shark_v_1 - INFO - Chooing the best trading pair
2023-07-29 19:10:42,918 - log_little_shark_v_1 - CRITICAL - Tradable symbols NOT found. Wait for 60s and search again
2023-07-29 19:11:42,918 - log_little_shark_v_1 - INFO - Obtaining co-integrated pairs
2023-07-29 19:12:15,010 - log_little_shark_v_1 - INFO - Obtaining co-integrated pairs complete.
2023-07-29 19:12:15,010 - log_little_shark_v_1 - INFO - Chooing the best trading pair
2023-07-29 19:12:15,012 - log_little_shark_v_1 - CRITICAL - Tradable symbols NOT found. Wait for 60s and search again
2023-07-29 19:13:15,017 - log_little_shark_v_1 - INFO - Obtaining co-integrated pairs
2023-07-29 19:13:47,858 - log_little_shark_v_1 - INFO - Obtaining co-integrated pairs complete.
2023-07-29 19:13:47,858 - log_little_shark_v_1 - INFO - Chooing the best trading pair
2023-07-29 19:13:47,859 - log_little_shark_v_1 - CRITICAL - Tradable symbols NOT found. Wait for 60s and search again
2023-07-29 19:14:47,865 - log_little_shark_v_1 - INFO - Obtaining co-integrated pairs
2023-07-29 19:15:24,670 - log_little_shark_v_1 - INFO - Obtaining co-integrated pairs complete.
2023-07-29 19:15:24,670 - log_little_shark_v_1 - INFO - Chooing the best trading pair
2023-07-29 19:15:24,672 - log_little_shark_v_1 - CRITICAL - Tradable symbols NOT found. Wait for 60s and search again
2023-07-29 19:16:24,682 - log_little_shark_v_1 - INFO - Obtaining co-integrated pairs
2023-07-29 19:16:56,154 - log_little_shark_v_1 - INFO - Obtaining co-integrated pairs complete.
2023-07-29 19:16:56,155 - log_little_shark_v_1 - INFO - Chooing the best trading pair
2023-07-29 19:16:56,156 - log_little_shark_v_1 - CRITICAL - Tradable symbols NOT found. Wait for 60s and search again
2023-07-29 19:17:56,166 - log_little_shark_v_1 - INFO - Obtaining co-integrated pairs
2023-07-29 19:18:30,697 - log_little_shark_v_1 - INFO - Obtaining co-integrated pairs complete.
2023-07-29 19:18:30,697 - log_little_shark_v_1 - INFO - Chooing the best trading pair
2023-07-29 19:18:30,698 - log_little_shark_v_1 - CRITICAL - Tradable symbols NOT found. Wait for 60s and search again
