2023-07-22 10:59:01,001 - log_little_shark_v_1 - INFO - Getting tradable symbols from Binance.
2023-07-22 10:59:35,413 - log_little_shark_v_1 - INFO - 4 pairs found
2023-07-22 10:59:35,416 - log_little_shark_v_1 - INFO - Deriving recent price, with the interval of 15m and num of interval limit 400
2023-07-22 10:59:37,270 - log_little_shark_v_1 - INFO - 4 items stored, 0items not stored
2023-07-22 10:59:37,275 - log_little_shark_v_1 - INFO - Prices saved successfully.
2023-07-22 10:59:37,277 - log_little_shark_v_1 - INFO - Obtaining co-integrated pairs
2023-07-22 11:01:17,929 - log_little_shark_v_1 - INFO - The trading_min_qty.json file has been completed.
2023-07-22 11:01:17,932 - log_little_shark_v_1 - INFO - Getting tradable symbols from Binance.
2023-07-22 11:01:40,839 - log_little_shark_v_1 - INFO - 4 pairs found
2023-07-22 11:01:40,841 - log_little_shark_v_1 - INFO - Deriving recent price, with the interval of 15m and num of interval limit 400
2023-07-22 11:01:43,043 - log_little_shark_v_1 - INFO - 4 items stored, 0items not stored
2023-07-22 11:01:43,048 - log_little_shark_v_1 - INFO - Prices saved successfully.
2023-07-22 11:01:43,049 - log_little_shark_v_1 - INFO - Obtaining co-integrated pairs
2023-07-22 11:01:46,314 - log_little_shark_v_1 - INFO - Obtaining co-integrated pairs complete.
2023-07-22 11:02:44,788 - log_little_shark_v_1 - INFO - The trading_min_qty.json file has been completed.
2023-07-22 11:02:44,790 - log_little_shark_v_1 - INFO - Getting tradable symbols from Binance.
2023-07-22 11:03:06,937 - log_little_shark_v_1 - INFO - 4 pairs found
2023-07-22 11:03:06,941 - log_little_shark_v_1 - INFO - Deriving recent price, with the interval of 15m and num of interval limit 400
2023-07-22 11:03:07,806 - log_little_shark_v_1 - INFO - 4 items stored, 0items not stored
2023-07-22 11:03:07,811 - log_little_shark_v_1 - INFO - Prices saved successfully.
2023-07-22 11:03:07,813 - log_little_shark_v_1 - INFO - Obtaining co-integrated pairs
2023-07-22 11:03:09,173 - log_little_shark_v_1 - INFO - Obtaining co-integrated pairs complete.
2023-07-22 11:03:39,129 - log_little_shark_v_1 - INFO - The trading_min_qty.json file has been completed.
2023-07-22 11:03:39,131 - log_little_shark_v_1 - INFO - Getting tradable symbols from Binance.
2023-07-22 11:04:06,649 - log_little_shark_v_1 - INFO - 4 pairs found
2023-07-22 11:04:06,651 - log_little_shark_v_1 - INFO - Deriving recent price, with the interval of 15m and num of interval limit 400
2023-07-22 11:04:07,463 - log_little_shark_v_1 - INFO - 4 items stored, 0items not stored
2023-07-22 11:04:07,467 - log_little_shark_v_1 - INFO - Prices saved successfully.
2023-07-22 11:04:07,469 - log_little_shark_v_1 - INFO - Obtaining co-integrated pairs
2023-07-22 11:04:09,010 - log_little_shark_v_1 - INFO - Obtaining co-integrated pairs complete.
2023-07-22 11:05:34,973 - log_little_shark_v_1 - INFO - 4 pairs found
2023-07-22 11:06:22,184 - log_little_shark_v_1 - INFO - The trading_min_qty.json file has been completed.
2023-07-22 11:06:22,186 - log_little_shark_v_1 - INFO - Getting tradable symbols from Binance.
2023-07-22 11:06:40,982 - log_little_shark_v_1 - INFO - 4 pairs found
2023-07-22 11:06:40,985 - log_little_shark_v_1 - INFO - Deriving recent price, with the interval of 15m and num of interval limit 400
2023-07-22 11:06:41,879 - log_little_shark_v_1 - INFO - 4 items stored, 0items not stored
2023-07-22 11:06:41,884 - log_little_shark_v_1 - INFO - Prices saved successfully.
2023-07-22 11:06:41,885 - log_little_shark_v_1 - INFO - Obtaining co-integrated pairs
2023-07-22 11:06:43,244 - log_little_shark_v_1 - INFO - Obtaining co-integrated pairs complete.
2023-07-22 11:08:40,839 - log_little_shark_v_1 - INFO - The trading_min_qty.json file has been completed.
2023-07-22 11:08:40,841 - log_little_shark_v_1 - INFO - Getting tradable symbols from Binance.
2023-07-22 11:09:19,396 - log_little_shark_v_1 - INFO - 4 pairs found
2023-07-22 11:09:19,399 - log_little_shark_v_1 - INFO - Deriving recent price, with the interval of 15m and num of interval limit 400
2023-07-22 11:09:21,096 - log_little_shark_v_1 - INFO - 4 items stored, 0items not stored
2023-07-22 11:09:21,102 - log_little_shark_v_1 - INFO - Prices saved successfully.
2023-07-22 11:09:21,103 - log_little_shark_v_1 - INFO - Obtaining co-integrated pairs
2023-07-22 11:09:24,113 - log_little_shark_v_1 - INFO - Obtaining co-integrated pairs complete.
2023-07-22 11:21:28,392 - log_little_shark_v_1 - INFO - 13 items stored, 0items not stored
2023-07-22 11:21:28,398 - log_little_shark_v_1 - INFO - Prices saved successfully.
2023-07-22 11:21:28,399 - log_little_shark_v_1 - INFO - Obtaining co-integrated pairs
2023-07-22 11:21:50,026 - log_little_shark_v_1 - INFO - Obtaining co-integrated pairs complete.
2023-07-22 11:44:37,612 - log_little_shark_v_1 - INFO - 7 items stored, 0items not stored
2023-07-22 11:44:37,621 - log_little_shark_v_1 - INFO - Prices saved successfully.
2023-08-01 21:56:25,871 - log_little_shark_v_1 - INFO - Getting tradable symbols from Binance.
2023-08-01 21:57:05,182 - log_little_shark_v_1 - INFO - 56 pairs found
2023-08-01 21:57:05,184 - log_little_shark_v_1 - INFO - Deriving recent price, with the interval of 30m and num of interval limit 400
2023-08-01 21:57:46,816 - log_little_shark_v_1 - INFO - 56 items stored, 0items not stored
2023-08-01 21:57:46,861 - log_little_shark_v_1 - INFO - Prices saved successfully.
2023-08-01 21:57:46,861 - log_little_shark_v_1 - INFO - Obtaining co-integrated pairs
2023-08-01 21:59:56,745 - log_little_shark_v_1 - INFO - Obtaining co-integrated pairs complete.
2023-08-01 21:59:56,745 - log_little_shark_v_1 - INFO - Filtering trading pairs based on static hedge-ratio backtesting
2023-08-01 21:59:56,748 - log_little_shark_v_1 - INFO - Get trading pairs based on dynamic hedge-ratio backtesting
2023-08-01 21:59:56,787 - log_little_shark_v_1 - INFO - Filtering trading pairs based on dynamic hedge-ratio backtesting
2023-08-01 21:59:56,787 - log_little_shark_v_1 - CRITICAL - Tradable symbols NOT found. Wait for 60s and search again
2023-08-01 22:00:56,792 - log_little_shark_v_1 - INFO - Getting tradable symbols from Binance.
2023-08-01 22:06:14,064 - log_little_shark_v_1 - INFO - Get trading pairs based on dynamic hedge-ratio backtesting
2023-08-01 22:11:52,251 - log_little_shark_v_1 - INFO - Get trading pairs based on dynamic hedge-ratio backtesting
2023-08-01 22:12:39,469 - log_little_shark_v_1 - INFO - Get trading pairs based on dynamic hedge-ratio backtesting
2023-08-01 22:12:40,103 - log_little_shark_v_1 - INFO - Filtering trading pairs based on dynamic hedge-ratio backtesting
2023-08-01 22:12:40,104 - log_little_shark_v_1 - CRITICAL - Tradable symbols NOT found. Wait for 60s and search again
2023-08-01 22:12:58,974 - log_little_shark_v_1 - INFO - Get trading pairs based on dynamic hedge-ratio backtesting
2023-08-01 22:12:59,587 - log_little_shark_v_1 - INFO - Filtering trading pairs based on dynamic hedge-ratio backtesting
2023-08-01 22:12:59,587 - log_little_shark_v_1 - CRITICAL - Tradable symbols NOT found. Wait for 60s and search again
2023-08-01 22:13:36,719 - log_little_shark_v_1 - INFO - Get trading pairs based on dynamic hedge-ratio backtesting
2023-08-01 22:13:37,467 - log_little_shark_v_1 - INFO - Filtering trading pairs based on dynamic hedge-ratio backtesting
2023-08-01 22:13:37,468 - log_little_shark_v_1 - CRITICAL - Tradable symbols NOT found. Wait for 60s and search again
2023-08-01 22:14:50,872 - log_little_shark_v_1 - INFO - Get trading pairs based on dynamic hedge-ratio backtesting
2023-08-01 22:14:51,483 - log_little_shark_v_1 - INFO - Filtering trading pairs based on dynamic hedge-ratio backtesting
2023-08-01 22:14:51,483 - log_little_shark_v_1 - CRITICAL - Tradable symbols NOT found. Wait for 60s and search again
2023-08-02 08:29:14,783 - log_little_shark_v_1 - INFO - Get trading pairs based on dynamic hedge-ratio backtesting
2023-08-02 08:29:15,432 - log_little_shark_v_1 - INFO - Filtering trading pairs based on dynamic hedge-ratio backtesting
2023-08-02 08:29:15,433 - log_little_shark_v_1 - CRITICAL - Tradable symbols NOT found. Wait for 60s and search again
2023-08-02 08:33:11,463 - log_little_shark_v_1 - INFO - Get trading pairs based on dynamic hedge-ratio backtesting
2023-08-02 08:33:12,181 - log_little_shark_v_1 - INFO - Filtering trading pairs based on dynamic hedge-ratio backtesting
2023-08-02 08:33:12,182 - log_little_shark_v_1 - CRITICAL - Tradable symbols NOT found. Wait for 60s and search again
2023-08-02 08:33:31,234 - log_little_shark_v_1 - INFO - Get trading pairs based on dynamic hedge-ratio backtesting
2023-08-02 08:33:31,893 - log_little_shark_v_1 - INFO - Filtering trading pairs based on dynamic hedge-ratio backtesting
2023-08-02 08:33:31,893 - log_little_shark_v_1 - CRITICAL - Tradable symbols NOT found. Wait for 60s and search again
2023-08-02 08:34:37,949 - log_little_shark_v_1 - INFO - Get trading pairs based on dynamic hedge-ratio backtesting
2023-08-02 08:34:38,595 - log_little_shark_v_1 - INFO - Filtering trading pairs based on dynamic hedge-ratio backtesting
2023-08-02 08:34:38,595 - log_little_shark_v_1 - CRITICAL - Tradable symbols NOT found. Wait for 60s and search again
2023-08-02 08:34:56,972 - log_little_shark_v_1 - INFO - Get trading pairs based on dynamic hedge-ratio backtesting
2023-08-02 08:34:57,613 - log_little_shark_v_1 - INFO - Filtering trading pairs based on dynamic hedge-ratio backtesting
2023-08-02 08:34:57,613 - log_little_shark_v_1 - CRITICAL - Tradable symbols NOT found. Wait for 60s and search again
2023-08-02 08:35:57,634 - log_little_shark_v_1 - INFO - Get trading pairs based on dynamic hedge-ratio backtesting
2023-08-02 08:35:58,327 - log_little_shark_v_1 - INFO - Filtering trading pairs based on dynamic hedge-ratio backtesting
2023-08-02 08:35:58,328 - log_little_shark_v_1 - CRITICAL - Tradable symbols NOT found. Wait for 60s and search again
2023-08-02 08:36:09,372 - log_little_shark_v_1 - INFO - Get trading pairs based on dynamic hedge-ratio backtesting
2023-08-02 08:36:10,026 - log_little_shark_v_1 - INFO - Filtering trading pairs based on dynamic hedge-ratio backtesting
2023-08-02 08:36:10,027 - log_little_shark_v_1 - CRITICAL - Tradable symbols found BTCUSDT and INJUSDT
2023-08-02 08:37:07,968 - log_little_shark_v_1 - INFO - Get trading pairs based on dynamic hedge-ratio backtesting
2023-08-02 08:37:08,610 - log_little_shark_v_1 - INFO - Filtering trading pairs based on dynamic hedge-ratio backtesting
2023-08-02 08:37:08,610 - log_little_shark_v_1 - CRITICAL - Tradable symbols found BTCUSDT and INJUSDT
2023-08-02 08:41:37,979 - log_little_shark_v_1 - INFO - Getting tradable symbols from Binance.
2023-08-02 08:42:09,222 - log_little_shark_v_1 - INFO - 49 pairs found
2023-08-02 08:42:09,223 - log_little_shark_v_1 - INFO - Deriving recent price, with the interval of 30m and num of interval limit 200
2023-08-02 08:42:19,474 - log_little_shark_v_1 - INFO - 49 items stored, 0items not stored
2023-08-02 08:42:19,491 - log_little_shark_v_1 - INFO - Prices saved successfully.
2023-08-02 08:42:19,491 - log_little_shark_v_1 - INFO - Obtaining co-integrated pairs
2023-08-02 08:43:08,244 - log_little_shark_v_1 - INFO - Obtaining co-integrated pairs complete.
2023-08-02 08:43:08,244 - log_little_shark_v_1 - INFO - Filtering trading pairs based on static hedge-ratio backtesting
2023-08-02 08:43:08,248 - log_little_shark_v_1 - INFO - Get trading pairs based on dynamic hedge-ratio backtesting
2023-08-02 08:43:08,389 - log_little_shark_v_1 - INFO - Filtering trading pairs based on dynamic hedge-ratio backtesting
2023-08-02 08:43:08,390 - log_little_shark_v_1 - CRITICAL - Tradable symbols found KNCUSDT and AXSUSDT
2023-08-02 08:51:10,107 - log_little_shark_v_1 - INFO - Getting tradable symbols from Binance.
2023-08-02 08:51:41,650 - log_little_shark_v_1 - INFO - 48 pairs found
2023-08-02 08:51:41,653 - log_little_shark_v_1 - INFO - Deriving recent price, with the interval of 30m and num of interval limit 200
2023-08-02 08:51:51,611 - log_little_shark_v_1 - INFO - 48 items stored, 0items not stored
2023-08-02 08:51:51,632 - log_little_shark_v_1 - INFO - Prices saved successfully.
2023-08-02 08:51:51,633 - log_little_shark_v_1 - INFO - Obtaining co-integrated pairs
2023-08-02 08:52:19,436 - log_little_shark_v_1 - INFO - Obtaining co-integrated pairs complete.
2023-08-02 08:52:19,436 - log_little_shark_v_1 - INFO - Filtering trading pairs based on static hedge-ratio backtesting
2023-08-02 08:52:19,441 - log_little_shark_v_1 - INFO - Get trading pairs based on dynamic hedge-ratio backtesting
2023-08-02 08:52:19,635 - log_little_shark_v_1 - INFO - Filtering trading pairs based on dynamic hedge-ratio backtesting
2023-08-02 08:52:19,635 - log_little_shark_v_1 - CRITICAL - Tradable symbols NOT found. Wait for 60s and search again
2023-08-02 08:53:19,639 - log_little_shark_v_1 - INFO - Getting tradable symbols from Binance.
2023-08-02 08:53:50,085 - log_little_shark_v_1 - INFO - Getting tradable symbols from Binance.
2023-08-02 08:54:20,923 - log_little_shark_v_1 - INFO - 48 pairs found
2023-08-02 08:54:20,925 - log_little_shark_v_1 - INFO - Deriving recent price, with the interval of 30m and num of interval limit 300
2023-08-02 08:54:31,002 - log_little_shark_v_1 - INFO - 48 items stored, 0items not stored
2023-08-02 08:54:31,025 - log_little_shark_v_1 - INFO - Prices saved successfully.
2023-08-02 08:54:31,025 - log_little_shark_v_1 - INFO - Obtaining co-integrated pairs
2023-08-02 08:54:53,473 - log_little_shark_v_1 - INFO - Obtaining co-integrated pairs complete.
2023-08-02 08:54:53,473 - log_little_shark_v_1 - INFO - Filtering trading pairs based on static hedge-ratio backtesting
2023-08-02 08:54:53,476 - log_little_shark_v_1 - INFO - Get trading pairs based on dynamic hedge-ratio backtesting
2023-08-02 08:54:53,564 - log_little_shark_v_1 - INFO - Filtering trading pairs based on dynamic hedge-ratio backtesting
2023-08-02 08:54:53,565 - log_little_shark_v_1 - CRITICAL - Tradable symbols found AXSUSDT and SANDUSDT
2023-08-02 09:12:32,789 - log_little_shark_v_1 - CRITICAL - Checking trading status...
2023-08-02 09:12:33,735 - log_little_shark_v_1 - INFO - Current symbol_1 qty is 0, profit 0
2023-08-02 09:12:33,735 - log_little_shark_v_1 - INFO - Current symbol_2 qty is 0, profit 0
2023-08-02 09:12:33,735 - log_little_shark_v_1 - INFO - Total profit is 0
2023-08-02 09:12:33,736 - log_little_shark_v_1 - INFO - Total invested value is 0
2023-08-02 09:12:36,906 - log_little_shark_v_1 - INFO - Current z-score is -1.8616819729123764
2023-08-02 10:01:20,981 - log_little_shark_v_1 - INFO - Getting tradable symbols from Binance.
2023-08-02 10:02:02,174 - log_little_shark_v_1 - INFO - 5 pairs found
2023-08-02 10:02:02,175 - log_little_shark_v_1 - INFO - Deriving recent price, with the interval of 30m and num of interval limit 300
2023-08-02 10:02:03,954 - log_little_shark_v_1 - INFO - 5 items stored, 0items not stored
2023-08-02 10:02:03,957 - log_little_shark_v_1 - INFO - Prices saved successfully.
2023-08-02 10:02:03,957 - log_little_shark_v_1 - INFO - Obtaining co-integrated pairs
2023-08-02 10:02:07,139 - log_little_shark_v_1 - INFO - Obtaining co-integrated pairs complete.
2023-08-02 10:02:07,139 - log_little_shark_v_1 - INFO - Filtering trading pairs based on static hedge-ratio backtesting
2023-08-02 10:02:07,144 - log_little_shark_v_1 - INFO - Get trading pairs based on dynamic hedge-ratio backtesting
2023-08-02 10:02:07,172 - log_little_shark_v_1 - INFO - Filtering trading pairs based on dynamic hedge-ratio backtesting
2023-08-02 10:02:07,172 - log_little_shark_v_1 - CRITICAL - Tradable symbols NOT found. Wait for 60s and search again
2023-08-02 10:03:07,177 - log_little_shark_v_1 - INFO - Getting tradable symbols from Binance.
2023-08-02 10:15:43,531 - log_little_shark_v_1 - INFO - Getting tradable symbols from Binance.
2023-08-02 10:16:00,440 - log_little_shark_v_1 - INFO - 45 pairs found
2023-08-02 10:16:00,442 - log_little_shark_v_1 - INFO - Deriving recent price, with the interval of 30m and num of interval limit 400
2023-08-02 10:16:05,736 - log_little_shark_v_1 - INFO - 45 items stored, 0items not stored
2023-08-02 10:16:05,756 - log_little_shark_v_1 - INFO - Prices saved successfully.
2023-08-02 10:16:05,756 - log_little_shark_v_1 - INFO - Obtaining co-integrated pairs
2023-08-02 10:17:07,623 - log_little_shark_v_1 - INFO - Obtaining co-integrated pairs complete.
2023-08-02 10:17:07,624 - log_little_shark_v_1 - INFO - Filtering trading pairs based on static hedge-ratio backtesting
2023-08-02 10:17:07,632 - log_little_shark_v_1 - INFO - Get trading pairs based on dynamic hedge-ratio backtesting
2023-08-02 10:17:08,286 - log_little_shark_v_1 - INFO - Filtering trading pairs based on dynamic hedge-ratio backtesting
2023-08-02 10:17:08,286 - log_little_shark_v_1 - CRITICAL - Tradable symbols NOT found. Wait for 60s and search again
2023-08-02 10:17:38,044 - log_little_shark_v_1 - INFO - Getting tradable symbols from Binance.
2023-08-02 10:17:56,693 - log_little_shark_v_1 - INFO - 45 pairs found
2023-08-02 10:17:56,693 - log_little_shark_v_1 - INFO - Deriving recent price, with the interval of 30m and num of interval limit 300
2023-08-02 10:18:04,131 - log_little_shark_v_1 - INFO - 45 items stored, 0items not stored
2023-08-02 10:18:04,148 - log_little_shark_v_1 - INFO - Prices saved successfully.
2023-08-02 10:18:04,148 - log_little_shark_v_1 - INFO - Obtaining co-integrated pairs
2023-08-02 10:18:34,724 - log_little_shark_v_1 - INFO - Obtaining co-integrated pairs complete.
2023-08-02 10:18:34,724 - log_little_shark_v_1 - INFO - Filtering trading pairs based on static hedge-ratio backtesting
2023-08-02 10:18:34,735 - log_little_shark_v_1 - INFO - Get trading pairs based on dynamic hedge-ratio backtesting
2023-08-02 10:18:35,065 - log_little_shark_v_1 - INFO - Filtering trading pairs based on dynamic hedge-ratio backtesting
2023-08-02 10:18:35,065 - log_little_shark_v_1 - CRITICAL - Tradable symbols NOT found. Wait for 60s and search again
2023-08-02 10:19:53,058 - log_little_shark_v_1 - INFO - Getting tradable symbols from Binance.
2023-08-02 10:20:10,617 - log_little_shark_v_1 - INFO - 45 pairs found
2023-08-02 10:20:10,618 - log_little_shark_v_1 - INFO - Deriving recent price, with the interval of 30m and num of interval limit 400
2023-08-02 10:20:17,552 - log_little_shark_v_1 - INFO - 45 items stored, 0items not stored
2023-08-02 10:20:17,571 - log_little_shark_v_1 - INFO - Prices saved successfully.
2023-08-02 10:20:17,571 - log_little_shark_v_1 - INFO - Obtaining co-integrated pairs
2023-08-02 10:21:25,050 - log_little_shark_v_1 - INFO - Obtaining co-integrated pairs complete.
2023-08-02 10:21:25,050 - log_little_shark_v_1 - INFO - Filtering trading pairs based on static hedge-ratio backtesting
2023-08-02 10:21:25,055 - log_little_shark_v_1 - INFO - Get trading pairs based on dynamic hedge-ratio backtesting
2023-08-02 10:21:25,670 - log_little_shark_v_1 - INFO - Filtering trading pairs based on dynamic hedge-ratio backtesting
2023-08-02 10:21:25,671 - log_little_shark_v_1 - CRITICAL - Tradable symbols NOT found. Wait for 60s and search again
2023-08-02 10:22:25,674 - log_little_shark_v_1 - INFO - Getting tradable symbols from Binance.
2023-08-02 10:22:42,978 - log_little_shark_v_1 - INFO - 45 pairs found
2023-08-02 10:22:42,979 - log_little_shark_v_1 - INFO - Deriving recent price, with the interval of 30m and num of interval limit 400
2023-08-02 10:22:48,461 - log_little_shark_v_1 - INFO - 45 items stored, 0items not stored
2023-08-02 10:22:48,481 - log_little_shark_v_1 - INFO - Prices saved successfully.
2023-08-02 10:22:48,481 - log_little_shark_v_1 - INFO - Obtaining co-integrated pairs
2023-08-02 10:23:51,279 - log_little_shark_v_1 - INFO - Obtaining co-integrated pairs complete.
2023-08-02 10:23:51,280 - log_little_shark_v_1 - INFO - Filtering trading pairs based on static hedge-ratio backtesting
2023-08-02 10:23:51,284 - log_little_shark_v_1 - INFO - Get trading pairs based on dynamic hedge-ratio backtesting
2023-08-02 10:23:51,796 - log_little_shark_v_1 - INFO - Filtering trading pairs based on dynamic hedge-ratio backtesting
2023-08-02 10:23:51,796 - log_little_shark_v_1 - CRITICAL - Tradable symbols NOT found. Wait for 60s and search again
2023-08-02 10:24:15,030 - log_little_shark_v_1 - INFO - Getting tradable symbols from Binance.
2023-08-02 10:24:34,057 - log_little_shark_v_1 - INFO - 45 pairs found
2023-08-02 10:24:34,057 - log_little_shark_v_1 - INFO - Deriving recent price, with the interval of 30m and num of interval limit 300
2023-08-02 10:24:45,922 - log_little_shark_v_1 - INFO - 45 items stored, 0items not stored
2023-08-02 10:24:45,938 - log_little_shark_v_1 - INFO - Prices saved successfully.
2023-08-02 10:24:45,939 - log_little_shark_v_1 - INFO - Obtaining co-integrated pairs
2023-08-02 10:24:58,622 - log_little_shark_v_1 - INFO - Obtaining co-integrated pairs complete.
2023-08-02 10:24:58,623 - log_little_shark_v_1 - INFO - Filtering trading pairs based on static hedge-ratio backtesting
2023-08-02 10:24:58,626 - log_little_shark_v_1 - INFO - Get trading pairs based on dynamic hedge-ratio backtesting
2023-08-02 10:24:58,716 - log_little_shark_v_1 - INFO - Filtering trading pairs based on dynamic hedge-ratio backtesting
2023-08-02 10:24:58,716 - log_little_shark_v_1 - CRITICAL - Tradable symbols found ETHUSDT and XRPUSDT
2023-08-02 10:29:01,401 - log_little_shark_v_1 - INFO - Getting tradable symbols from Binance.
2023-08-02 10:29:19,157 - log_little_shark_v_1 - INFO - 45 pairs found
2023-08-02 10:29:19,159 - log_little_shark_v_1 - INFO - Deriving recent price, with the interval of 30m and num of interval limit 400
2023-08-02 10:29:24,426 - log_little_shark_v_1 - INFO - 45 items stored, 0items not stored
2023-08-02 10:29:24,446 - log_little_shark_v_1 - INFO - Prices saved successfully.
2023-08-02 10:29:24,447 - log_little_shark_v_1 - INFO - Obtaining co-integrated pairs
2023-08-02 10:29:53,700 - log_little_shark_v_1 - INFO - Obtaining co-integrated pairs complete.
2023-08-02 10:29:53,700 - log_little_shark_v_1 - INFO - Filtering trading pairs based on static hedge-ratio backtesting
2023-08-02 10:29:53,704 - log_little_shark_v_1 - INFO - Get trading pairs based on dynamic hedge-ratio backtesting
2023-08-02 10:29:53,976 - log_little_shark_v_1 - INFO - Filtering trading pairs based on dynamic hedge-ratio backtesting
2023-08-02 10:29:53,977 - log_little_shark_v_1 - CRITICAL - Tradable symbols NOT found. Wait for 60s and search again
2023-08-02 10:30:53,983 - log_little_shark_v_1 - INFO - Getting tradable symbols from Binance.
2023-08-02 10:31:11,750 - log_little_shark_v_1 - INFO - 45 pairs found
2023-08-02 10:31:11,752 - log_little_shark_v_1 - INFO - Deriving recent price, with the interval of 30m and num of interval limit 400
2023-08-02 10:31:17,640 - log_little_shark_v_1 - INFO - 45 items stored, 0items not stored
2023-08-02 10:31:17,652 - log_little_shark_v_1 - INFO - Prices saved successfully.
2023-08-02 10:31:17,652 - log_little_shark_v_1 - INFO - Obtaining co-integrated pairs
