2023-07-29 04:23:36,101 - log_little_shark_v_1 - CRITICAL - Little Shark v1.0 start!!!
2023-07-29 04:23:37,004 - log_little_shark_v_1 - INFO - The trading_min_qty.json file has been completed.
2023-07-29 04:24:31,122 - log_little_shark_v_1 - CRITICAL - Little Shark v1.0 start!!!
2023-07-29 04:24:31,851 - log_little_shark_v_1 - INFO - The trading_min_qty.json file has been completed.
2023-07-29 04:25:05,798 - log_little_shark_v_1 - CRITICAL - Little Shark v1.0 start!!!
2023-07-29 04:25:07,119 - log_little_shark_v_1 - INFO - The trading_min_qty.json file has been completed.
2023-07-29 04:25:07,979 - log_little_shark_v_1 - CRITICAL - Initialization complete!
2023-07-29 04:25:07,979 - log_little_shark_v_1 - CRITICAL - Starting to search best trading pairs for wave 1
2023-07-29 04:25:07,979 - log_little_shark_v_1 - INFO - Getting tradable symbols from Binance.
2023-07-29 18:45:32,369 - log_little_shark_v_1 - INFO - Getting tradable symbols from Binance.
2023-07-29 18:46:08,523 - log_little_shark_v_1 - INFO - 4 pairs found
2023-07-29 18:46:08,524 - log_little_shark_v_1 - INFO - Deriving recent price, with the interval of 15m and num of interval limit 400
2023-07-29 18:46:09,259 - log_little_shark_v_1 - INFO - 4 items stored, 0items not stored
2023-07-29 18:46:09,263 - log_little_shark_v_1 - INFO - Prices saved successfully.
2023-07-29 18:46:09,263 - log_little_shark_v_1 - INFO - Obtaining co-integrated pairs
2023-07-29 18:46:10,417 - log_little_shark_v_1 - INFO - Obtaining co-integrated pairs complete.
2023-07-29 18:46:10,417 - log_little_shark_v_1 - INFO - Chooing the best trading pair
2023-07-29 18:47:11,334 - log_little_shark_v_1 - INFO - Obtaining co-integrated pairs
2023-07-29 18:47:19,418 - log_little_shark_v_1 - INFO - Getting tradable symbols from Binance.
2023-08-03 03:08:31,755 - log_little_shark_v_2_1 - INFO - Getting tradable symbols from Binance.
2023-08-03 03:09:02,669 - log_little_shark_v_2_1 - INFO - 41 pairs found
2023-08-03 03:09:02,671 - log_little_shark_v_2_1 - INFO - Deriving recent price, with the interval of 5m and num of interval limit 300
2023-08-03 03:09:16,011 - log_little_shark_v_2_1 - INFO - 0 items stored, 41items not stored
2023-08-03 22:57:21,018 - log_little_shark_v_2_1 - INFO - test
2023-08-03 23:08:32,287 - log_little_shark_v_2_1 - INFO - test
2023-08-03 23:08:33,488 - log_little_shark_v_2_1 - INFO - Getting tradable symbols from Binance.
2023-08-03 23:09:15,588 - log_little_shark_v_2_1 - INFO - 47 pairs found
2023-08-03 23:09:15,588 - log_little_shark_v_2_1 - INFO - Deriving recent price, with the interval of 15m and num of interval limit 200
2023-08-03 23:09:22,085 - log_little_shark_v_2_1 - INFO - test
2023-08-03 23:09:22,700 - log_little_shark_v_2_1 - INFO - Getting tradable symbols from Binance.
2023-08-03 23:10:01,507 - log_little_shark_v_2_1 - INFO - 47 pairs found
2023-08-03 23:10:01,509 - log_little_shark_v_2_1 - INFO - Deriving recent price, with the interval of 15m and num of interval limit 200
2023-08-03 23:10:22,217 - log_little_shark_v_2_1 - INFO - 47 items stored, 0items not stored
2023-08-03 23:10:22,231 - log_little_shark_v_2_1 - INFO - Prices saved successfully.
2023-08-03 23:10:22,232 - log_little_shark_v_2_1 - INFO - Obtaining co-integrated pairs
2023-08-03 23:10:58,768 - log_little_shark_v_2_1 - INFO - Obtaining co-integrated pairs complete.
2023-08-03 23:10:58,768 - log_little_shark_v_2_1 - INFO - Filtering trading pairs based on static hedge-ratio backtesting
2023-08-03 23:10:58,769 - log_little_shark_v_2_1 - INFO - Get trading pairs based on dynamic hedge-ratio backtesting
2023-08-03 23:10:58,788 - log_little_shark_v_2_1 - INFO - Filtering trading pairs based on dynamic hedge-ratio backtesting
2023-08-03 23:10:58,789 - log_little_shark_v_2_1 - CRITICAL - Tradable symbols NOT found. Wait for 60s and search again
