2023-08-05 11:58:27,897 - log_little_shark_v_2_1 - INFO - test
2023-08-05 11:58:42,188 - log_little_shark_v_2_1 - INFO - test
2023-08-05 11:58:51,782 - log_little_shark_v_2_1 - INFO - test
2023-08-05 11:59:58,608 - log_little_shark_v_2_1 - INFO - test
2023-08-05 12:00:05,018 - log_little_shark_v_2_1 - INFO - test
2023-08-05 12:00:31,582 - log_little_shark_v_2_1 - INFO - test
2023-08-05 12:00:43,152 - log_little_shark_v_2_1 - INFO - test
2023-08-05 13:44:22,729 - log_little_shark_v_2_1 - INFO - test
2023-08-05 13:44:32,534 - log_little_shark_v_2_1 - INFO - test
2023-08-05 13:44:40,563 - log_little_shark_v_2_1 - INFO - test
2023-08-06 15:43:35,690 - log_little_shark_v_2_1 - INFO - test
2023-08-06 15:43:36,662 - log_little_shark_v_2_1 - INFO - Getting tradable symbols from Binance.
2023-08-06 15:44:11,966 - log_little_shark_v_2_1 - INFO - 57 pairs found
2023-08-06 15:44:11,969 - log_little_shark_v_2_1 - INFO - Deriving recent price, with the interval of 15m and num of interval limit 200
2023-08-06 15:44:36,036 - log_little_shark_v_2_1 - INFO - 57 items stored, 0items not stored
2023-08-06 15:44:36,059 - log_little_shark_v_2_1 - INFO - Prices saved successfully.
2023-08-06 15:44:36,060 - log_little_shark_v_2_1 - INFO - Obtaining co-integrated pairs
2023-08-06 15:45:37,379 - log_little_shark_v_2_1 - INFO - Obtaining co-integrated pairs complete.
2023-08-06 15:45:37,379 - log_little_shark_v_2_1 - INFO - Filtering trading pairs based on static hedge-ratio backtesting
2023-08-06 15:45:37,382 - log_little_shark_v_2_1 - INFO - Get trading pairs based on dynamic hedge-ratio backtesting
2023-08-06 15:53:42,809 - log_little_shark_v_2_1 - INFO - test
2023-08-06 15:53:43,514 - log_little_shark_v_2_1 - INFO - Obtaining co-integrated pairs
2023-08-06 15:53:54,624 - log_little_shark_v_2_1 - INFO - test
2023-08-06 15:53:55,226 - log_little_shark_v_2_1 - INFO - Obtaining co-integrated pairs
2023-08-06 15:54:03,073 - log_little_shark_v_2_1 - INFO - test
2023-08-06 15:54:03,678 - log_little_shark_v_2_1 - INFO - Obtaining co-integrated pairs
2023-08-06 15:54:54,806 - log_little_shark_v_2_1 - INFO - Obtaining co-integrated pairs complete.
2023-08-06 15:54:54,806 - log_little_shark_v_2_1 - INFO - Filtering trading pairs based on static hedge-ratio backtesting
2023-08-06 15:54:54,810 - log_little_shark_v_2_1 - INFO - Get trading pairs based on dynamic hedge-ratio backtesting
2023-08-06 15:56:16,783 - log_little_shark_v_2_1 - INFO - test
2023-08-06 15:56:17,429 - log_little_shark_v_2_1 - INFO - Obtaining co-integrated pairs
2023-08-06 15:57:04,321 - log_little_shark_v_2_1 - INFO - Obtaining co-integrated pairs complete.
2023-08-06 15:57:04,322 - log_little_shark_v_2_1 - INFO - Filtering trading pairs based on static hedge-ratio backtesting
2023-08-06 15:57:04,325 - log_little_shark_v_2_1 - INFO - Get trading pairs based on dynamic hedge-ratio backtesting
2023-08-06 15:58:55,558 - log_little_shark_v_2_1 - INFO - test
2023-08-06 15:59:04,553 - log_little_shark_v_2_1 - INFO - test
2023-08-06 15:59:05,151 - log_little_shark_v_2_1 - INFO - Filtering trading pairs based on static hedge-ratio backtesting
2023-08-06 15:59:05,154 - log_little_shark_v_2_1 - INFO - Get trading pairs based on dynamic hedge-ratio backtesting
2023-08-06 15:59:32,845 - log_little_shark_v_2_1 - INFO - test
2023-08-06 15:59:33,468 - log_little_shark_v_2_1 - INFO - Filtering trading pairs based on static hedge-ratio backtesting
2023-08-06 15:59:33,472 - log_little_shark_v_2_1 - INFO - Get trading pairs based on dynamic hedge-ratio backtesting
2023-08-06 16:00:57,090 - log_little_shark_v_2_1 - INFO - test
2023-08-06 16:00:58,033 - log_little_shark_v_2_1 - INFO - Filtering trading pairs based on static hedge-ratio backtesting
2023-08-06 16:00:58,037 - log_little_shark_v_2_1 - INFO - Get trading pairs based on dynamic hedge-ratio backtesting
2023-08-06 16:01:11,674 - log_little_shark_v_2_1 - INFO - test
2023-08-06 16:01:12,258 - log_little_shark_v_2_1 - INFO - Filtering trading pairs based on static hedge-ratio backtesting
2023-08-06 16:01:12,262 - log_little_shark_v_2_1 - INFO - Get trading pairs based on dynamic hedge-ratio backtesting
2023-08-06 16:01:25,738 - log_little_shark_v_2_1 - INFO - test
2023-08-06 16:01:26,317 - log_little_shark_v_2_1 - INFO - Filtering trading pairs based on static hedge-ratio backtesting
2023-08-06 16:01:26,321 - log_little_shark_v_2_1 - INFO - Get trading pairs based on dynamic hedge-ratio backtesting
2023-08-06 16:01:42,341 - log_little_shark_v_2_1 - INFO - test
2023-08-06 16:01:42,930 - log_little_shark_v_2_1 - INFO - Filtering trading pairs based on static hedge-ratio backtesting
2023-08-06 16:01:42,935 - log_little_shark_v_2_1 - INFO - Get trading pairs based on dynamic hedge-ratio backtesting
2023-08-06 16:02:15,280 - log_little_shark_v_2_1 - INFO - test
2023-08-06 16:02:16,146 - log_little_shark_v_2_1 - INFO - Filtering trading pairs based on static hedge-ratio backtesting
2023-08-06 16:02:16,149 - log_little_shark_v_2_1 - INFO - Get trading pairs based on dynamic hedge-ratio backtesting
2023-08-06 16:02:16,162 - log_little_shark_v_2_1 - INFO - Filtering trading pairs based on dynamic hedge-ratio backtesting
2023-08-06 16:02:16,163 - log_little_shark_v_2_1 - CRITICAL - Tradable symbols NOT found. Wait for 120s and search again
2023-08-06 16:03:27,027 - log_little_shark_v_2_1 - INFO - test
2023-08-06 16:03:27,718 - log_little_shark_v_2_1 - INFO - Getting tradable symbols from Binance.
2023-08-06 16:04:12,993 - log_little_shark_v_2_1 - INFO - 58 pairs found
2023-08-06 16:04:12,995 - log_little_shark_v_2_1 - INFO - Deriving recent price, with the interval of 15m and num of interval limit 400
2023-08-06 16:04:49,768 - log_little_shark_v_2_1 - INFO - 58 items stored, 0items not stored
2023-08-06 16:04:49,798 - log_little_shark_v_2_1 - INFO - Prices saved successfully.
2023-08-06 16:04:49,798 - log_little_shark_v_2_1 - INFO - Obtaining co-integrated pairs
2023-08-06 16:06:04,708 - log_little_shark_v_2_1 - INFO - Obtaining co-integrated pairs complete.
2023-08-06 16:06:04,709 - log_little_shark_v_2_1 - INFO - Filtering trading pairs based on static hedge-ratio backtesting
2023-08-06 16:06:04,711 - log_little_shark_v_2_1 - INFO - Get trading pairs based on dynamic hedge-ratio backtesting
2023-08-06 16:09:54,192 - log_little_shark_v_2_1 - INFO - test
2023-08-06 16:09:54,931 - log_little_shark_v_2_1 - INFO - Getting tradable symbols from Binance.
2023-08-06 16:10:19,483 - log_little_shark_v_2_1 - INFO - 58 pairs found
2023-08-06 16:10:19,485 - log_little_shark_v_2_1 - INFO - Deriving recent price, with the interval of 15m and num of interval limit 200
2023-08-06 16:10:31,139 - log_little_shark_v_2_1 - INFO - 58 items stored, 0items not stored
2023-08-06 16:10:31,149 - log_little_shark_v_2_1 - INFO - Prices saved successfully.
2023-08-06 16:10:31,149 - log_little_shark_v_2_1 - INFO - Obtaining co-integrated pairs
2023-08-06 16:11:11,307 - log_little_shark_v_2_1 - INFO - Obtaining co-integrated pairs complete.
2023-08-06 16:11:11,308 - log_little_shark_v_2_1 - INFO - Filtering trading pairs based on static hedge-ratio backtesting
2023-08-06 16:11:11,309 - log_little_shark_v_2_1 - INFO - Get trading pairs based on dynamic hedge-ratio backtesting
2023-08-06 16:12:54,959 - log_little_shark_v_2_1 - INFO - test
2023-08-06 16:12:55,741 - log_little_shark_v_2_1 - INFO - Getting tradable symbols from Binance.
2023-08-06 16:13:26,497 - log_little_shark_v_2_1 - INFO - 58 pairs found
2023-08-06 16:13:26,497 - log_little_shark_v_2_1 - INFO - Deriving recent price, with the interval of 15m and num of interval limit 200
2023-08-06 16:13:47,445 - log_little_shark_v_2_1 - INFO - 58 items stored, 0items not stored
2023-08-06 16:13:47,466 - log_little_shark_v_2_1 - INFO - Prices saved successfully.
2023-08-06 16:13:47,467 - log_little_shark_v_2_1 - INFO - Obtaining co-integrated pairs
2023-08-06 16:14:54,137 - log_little_shark_v_2_1 - INFO - Obtaining co-integrated pairs complete.
2023-08-06 16:14:54,138 - log_little_shark_v_2_1 - INFO - Filtering trading pairs based on static hedge-ratio backtesting
2023-08-06 16:14:54,140 - log_little_shark_v_2_1 - INFO - Get trading pairs based on dynamic hedge-ratio backtesting
2023-08-06 16:14:54,172 - log_little_shark_v_2_1 - CRITICAL - Tradable symbols NOT found. Wait for 120s and search again
2023-08-06 16:15:42,348 - log_little_shark_v_2_1 - INFO - test
2023-08-06 16:15:56,156 - log_little_shark_v_2_1 - INFO - test
2023-08-06 16:17:20,543 - log_little_shark_v_2_1 - INFO - test
2023-08-06 16:17:41,680 - log_little_shark_v_2_1 - INFO - test
2023-08-06 16:57:51,773 - log_little_shark_v_2_1 - INFO - test
2023-08-06 16:58:04,965 - log_little_shark_v_2_1 - INFO - test
2023-08-06 16:58:32,316 - log_little_shark_v_2_1 - INFO - 57 pairs found
2023-08-06 17:04:24,930 - log_little_shark_v_2_1 - INFO - test
2023-08-06 17:04:29,095 - log_little_shark_v_2_1 - INFO - 15m_200_20_20_cointegrated_pairs.csv has been completed
2023-08-06 17:04:33,249 - log_little_shark_v_2_1 - INFO - 15m_200_20_20_cointegrated_pairs.csv has been completed
2023-08-06 17:04:37,472 - log_little_shark_v_2_1 - INFO - 15m_200_20_40_cointegrated_pairs.csv has been completed
2023-08-06 17:04:41,777 - log_little_shark_v_2_1 - INFO - 15m_200_20_40_cointegrated_pairs.csv has been completed
2023-08-06 17:04:45,995 - log_little_shark_v_2_1 - INFO - 15m_200_20_80_cointegrated_pairs.csv has been completed
2023-08-06 17:04:50,206 - log_little_shark_v_2_1 - INFO - 15m_200_20_80_cointegrated_pairs.csv has been completed
2023-08-06 17:04:54,563 - log_little_shark_v_2_1 - INFO - 15m_200_20_120_cointegrated_pairs.csv has been completed
2023-08-06 17:04:58,835 - log_little_shark_v_2_1 - INFO - 15m_200_20_120_cointegrated_pairs.csv has been completed
2023-08-06 17:05:02,999 - log_little_shark_v_2_1 - INFO - 15m_200_40_20_cointegrated_pairs.csv has been completed
2023-08-06 17:05:07,176 - log_little_shark_v_2_1 - INFO - 15m_200_40_20_cointegrated_pairs.csv has been completed
2023-08-06 17:05:11,409 - log_little_shark_v_2_1 - INFO - 15m_200_40_40_cointegrated_pairs.csv has been completed
2023-08-06 17:05:15,668 - log_little_shark_v_2_1 - INFO - 15m_200_40_40_cointegrated_pairs.csv has been completed
2023-08-06 17:05:19,892 - log_little_shark_v_2_1 - INFO - 15m_200_40_80_cointegrated_pairs.csv has been completed
2023-08-06 17:05:24,109 - log_little_shark_v_2_1 - INFO - 15m_200_40_80_cointegrated_pairs.csv has been completed
2023-08-06 17:05:28,320 - log_little_shark_v_2_1 - INFO - 15m_200_40_120_cointegrated_pairs.csv has been completed
2023-08-06 17:05:32,538 - log_little_shark_v_2_1 - INFO - 15m_200_40_120_cointegrated_pairs.csv has been completed
2023-08-06 17:05:36,703 - log_little_shark_v_2_1 - INFO - 15m_200_80_20_cointegrated_pairs.csv has been completed
2023-08-06 17:05:40,859 - log_little_shark_v_2_1 - INFO - 15m_200_80_20_cointegrated_pairs.csv has been completed
2023-08-06 17:05:45,086 - log_little_shark_v_2_1 - INFO - 15m_200_80_40_cointegrated_pairs.csv has been completed
2023-08-06 17:05:49,361 - log_little_shark_v_2_1 - INFO - 15m_200_80_40_cointegrated_pairs.csv has been completed
2023-08-06 17:05:53,577 - log_little_shark_v_2_1 - INFO - 15m_200_80_80_cointegrated_pairs.csv has been completed
2023-08-06 17:05:57,800 - log_little_shark_v_2_1 - INFO - 15m_200_80_80_cointegrated_pairs.csv has been completed
2023-08-06 17:06:02,026 - log_little_shark_v_2_1 - INFO - 15m_200_80_120_cointegrated_pairs.csv has been completed
2023-08-06 17:06:06,247 - log_little_shark_v_2_1 - INFO - 15m_200_80_120_cointegrated_pairs.csv has been completed
2023-08-06 17:06:10,435 - log_little_shark_v_2_1 - INFO - 15m_200_120_20_cointegrated_pairs.csv has been completed
2023-08-06 17:06:14,596 - log_little_shark_v_2_1 - INFO - 15m_200_120_20_cointegrated_pairs.csv has been completed
2023-08-06 17:06:18,831 - log_little_shark_v_2_1 - INFO - 15m_200_120_40_cointegrated_pairs.csv has been completed
2023-08-06 17:06:23,107 - log_little_shark_v_2_1 - INFO - 15m_200_120_40_cointegrated_pairs.csv has been completed
2023-08-06 17:06:27,314 - log_little_shark_v_2_1 - INFO - 15m_200_120_80_cointegrated_pairs.csv has been completed
2023-08-06 17:06:31,539 - log_little_shark_v_2_1 - INFO - 15m_200_120_80_cointegrated_pairs.csv has been completed
2023-08-06 17:06:35,733 - log_little_shark_v_2_1 - INFO - 15m_200_120_120_cointegrated_pairs.csv has been completed
2023-08-06 17:06:39,953 - log_little_shark_v_2_1 - INFO - 15m_200_120_120_cointegrated_pairs.csv has been completed
2023-08-06 17:06:46,569 - log_little_shark_v_2_1 - INFO - 15m_400_20_20_cointegrated_pairs.csv has been completed
2023-08-06 17:06:53,199 - log_little_shark_v_2_1 - INFO - 15m_400_20_20_cointegrated_pairs.csv has been completed
2023-08-06 17:06:59,850 - log_little_shark_v_2_1 - INFO - 15m_400_20_40_cointegrated_pairs.csv has been completed
2023-08-06 17:07:06,489 - log_little_shark_v_2_1 - INFO - 15m_400_20_40_cointegrated_pairs.csv has been completed
2023-08-06 17:07:13,271 - log_little_shark_v_2_1 - INFO - 15m_400_20_80_cointegrated_pairs.csv has been completed
2023-08-06 17:07:20,002 - log_little_shark_v_2_1 - INFO - 15m_400_20_80_cointegrated_pairs.csv has been completed
2023-08-06 17:07:26,741 - log_little_shark_v_2_1 - INFO - 15m_400_20_120_cointegrated_pairs.csv has been completed
2023-08-06 17:07:33,617 - log_little_shark_v_2_1 - INFO - 15m_400_20_120_cointegrated_pairs.csv has been completed
2023-08-06 17:07:40,245 - log_little_shark_v_2_1 - INFO - 15m_400_40_20_cointegrated_pairs.csv has been completed
2023-08-06 17:07:46,878 - log_little_shark_v_2_1 - INFO - 15m_400_40_20_cointegrated_pairs.csv has been completed
2023-08-06 17:07:53,549 - log_little_shark_v_2_1 - INFO - 15m_400_40_40_cointegrated_pairs.csv has been completed
2023-08-06 17:08:00,178 - log_little_shark_v_2_1 - INFO - 15m_400_40_40_cointegrated_pairs.csv has been completed
2023-08-06 17:08:06,968 - log_little_shark_v_2_1 - INFO - 15m_400_40_80_cointegrated_pairs.csv has been completed
2023-08-06 17:08:13,803 - log_little_shark_v_2_1 - INFO - 15m_400_40_80_cointegrated_pairs.csv has been completed
2023-08-06 17:08:20,675 - log_little_shark_v_2_1 - INFO - 15m_400_40_120_cointegrated_pairs.csv has been completed
2023-08-06 17:08:27,880 - log_little_shark_v_2_1 - INFO - 15m_400_40_120_cointegrated_pairs.csv has been completed
2023-08-06 17:08:34,556 - log_little_shark_v_2_1 - INFO - 15m_400_80_20_cointegrated_pairs.csv has been completed
2023-08-06 17:08:41,378 - log_little_shark_v_2_1 - INFO - 15m_400_80_20_cointegrated_pairs.csv has been completed
2023-08-06 17:08:48,064 - log_little_shark_v_2_1 - INFO - 15m_400_80_40_cointegrated_pairs.csv has been completed
2023-08-06 17:08:54,786 - log_little_shark_v_2_1 - INFO - 15m_400_80_40_cointegrated_pairs.csv has been completed
2023-08-06 17:09:01,669 - log_little_shark_v_2_1 - INFO - 15m_400_80_80_cointegrated_pairs.csv has been completed
2023-08-06 17:09:08,412 - log_little_shark_v_2_1 - INFO - 15m_400_80_80_cointegrated_pairs.csv has been completed
2023-08-06 17:09:15,192 - log_little_shark_v_2_1 - INFO - 15m_400_80_120_cointegrated_pairs.csv has been completed
2023-08-06 17:09:22,099 - log_little_shark_v_2_1 - INFO - 15m_400_80_120_cointegrated_pairs.csv has been completed
2023-08-06 17:09:28,750 - log_little_shark_v_2_1 - INFO - 15m_400_120_20_cointegrated_pairs.csv has been completed
2023-08-06 17:09:35,393 - log_little_shark_v_2_1 - INFO - 15m_400_120_20_cointegrated_pairs.csv has been completed
2023-08-06 17:09:42,078 - log_little_shark_v_2_1 - INFO - 15m_400_120_40_cointegrated_pairs.csv has been completed
2023-08-06 17:09:48,803 - log_little_shark_v_2_1 - INFO - 15m_400_120_40_cointegrated_pairs.csv has been completed
2023-08-06 17:09:55,606 - log_little_shark_v_2_1 - INFO - 15m_400_120_80_cointegrated_pairs.csv has been completed
2023-08-06 17:10:02,372 - log_little_shark_v_2_1 - INFO - 15m_400_120_80_cointegrated_pairs.csv has been completed
2023-08-06 17:10:09,124 - log_little_shark_v_2_1 - INFO - 15m_400_120_120_cointegrated_pairs.csv has been completed
2023-08-06 17:10:16,062 - log_little_shark_v_2_1 - INFO - 15m_400_120_120_cointegrated_pairs.csv has been completed
2023-08-06 17:14:21,431 - log_little_shark_v_2_1 - INFO - test
2023-08-06 17:14:59,381 - log_little_shark_v_2_1 - INFO - test
2023-08-06 17:15:14,257 - log_little_shark_v_2_1 - INFO - test
2023-08-06 17:19:43,961 - log_little_shark_v_2_1 - INFO - test
2023-08-06 17:20:02,631 - log_little_shark_v_2_1 - INFO - test
2023-08-06 17:20:21,440 - log_little_shark_v_2_1 - INFO - test
2023-08-06 17:20:40,617 - log_little_shark_v_2_1 - INFO - test
2023-08-06 17:21:11,652 - log_little_shark_v_2_1 - INFO - test
2023-08-06 17:21:11,655 - log_little_shark_v_2_1 - CRITICAL - Parameters found, {'trainning_period': 200.0, 'spread_window': 20.0, 'z_score_window': 40.0, 'z_score_threshod': 1.6}
2023-08-06 17:21:21,640 - log_little_shark_v_2_1 - INFO - test
2023-08-06 17:21:21,643 - log_little_shark_v_2_1 - CRITICAL - Parameters found, {'trainning_period': 200, 'spread_window': 20, 'z_score_window': 40, 'z_score_threshod': 1.6}
2023-08-06 17:22:31,499 - log_little_shark_v_2_1 - INFO - test
2023-08-06 17:22:31,503 - log_little_shark_v_2_1 - CRITICAL - Parameters found, {'trainning_period': 200, 'spread_window': 20, 'z_score_window': 40, 'z_score_threshod': 1.6}
2023-08-06 17:24:41,969 - log_little_shark_v_2_1 - INFO - test
2023-08-06 17:24:41,972 - log_little_shark_v_2_1 - CRITICAL - Parameters found, {'trainning_period': 200, 'spread_window': 20, 'z_score_window': 40, 'z_score_threshod': 1.6}
2023-08-06 17:26:30,115 - log_little_shark_v_2_1 - INFO - test
2023-08-06 17:26:30,118 - log_little_shark_v_2_1 - CRITICAL - Parameters found, {'trainning_period': 200, 'spread_window': 20, 'z_score_window': 40, 'z_score_threshod': 1.6}
2023-08-06 17:27:19,086 - log_little_shark_v_2_1 - INFO - test
2023-08-06 17:27:19,089 - log_little_shark_v_2_1 - CRITICAL - Parameters found, {'trainning_period': 200, 'spread_window': 20, 'z_score_window': 40, 'z_score_threshod': 1.6}
2023-08-06 17:27:29,224 - log_little_shark_v_2_1 - INFO - test
2023-08-06 17:27:29,227 - log_little_shark_v_2_1 - CRITICAL - Parameters found, {'trainning_period': 200, 'spread_window': 20, 'z_score_window': 40, 'z_score_threshod': 1.6}
2023-08-06 17:39:27,131 - log_little_shark_v_2_1 - INFO - test
2023-08-06 17:39:50,853 - log_little_shark_v_2_1 - INFO - test
2023-08-06 17:40:36,681 - log_little_shark_v_2_1 - INFO - test
2023-08-06 17:40:45,412 - log_little_shark_v_2_1 - INFO - test
2023-08-06 17:41:12,861 - log_little_shark_v_2_1 - INFO - 57 pairs found
2023-08-06 17:41:46,883 - log_little_shark_v_2_1 - INFO - 57 items stored, 0items not stored
2023-08-06 17:41:46,943 - log_little_shark_v_2_1 - INFO - Prices saved successfully.
2023-08-06 17:41:51,946 - log_little_shark_v_2_1 - INFO - price saved
2023-08-06 17:41:56,194 - log_little_shark_v_2_1 - INFO - 15m_200_20_20_cointegrated_pairs.csv has been completed
2023-08-06 17:42:00,385 - log_little_shark_v_2_1 - INFO - 15m_200_20_20_cointegrated_pairs.csv has been completed
2023-08-06 17:42:04,526 - log_little_shark_v_2_1 - INFO - 15m_200_20_40_cointegrated_pairs.csv has been completed
2023-08-06 17:42:08,724 - log_little_shark_v_2_1 - INFO - 15m_200_20_40_cointegrated_pairs.csv has been completed
2023-08-06 17:42:12,989 - log_little_shark_v_2_1 - INFO - 15m_200_20_80_cointegrated_pairs.csv has been completed
2023-08-06 17:42:17,335 - log_little_shark_v_2_1 - INFO - 15m_200_20_80_cointegrated_pairs.csv has been completed
2023-08-06 17:42:21,616 - log_little_shark_v_2_1 - INFO - 15m_200_20_120_cointegrated_pairs.csv has been completed
2023-08-06 17:42:25,825 - log_little_shark_v_2_1 - INFO - 15m_200_20_120_cointegrated_pairs.csv has been completed
2023-08-06 17:42:29,929 - log_little_shark_v_2_1 - INFO - 15m_200_40_20_cointegrated_pairs.csv has been completed
2023-08-06 17:42:34,099 - log_little_shark_v_2_1 - INFO - 15m_200_40_20_cointegrated_pairs.csv has been completed
2023-08-06 17:42:38,223 - log_little_shark_v_2_1 - INFO - 15m_200_40_40_cointegrated_pairs.csv has been completed
2023-08-06 17:42:42,422 - log_little_shark_v_2_1 - INFO - 15m_200_40_40_cointegrated_pairs.csv has been completed
2023-08-06 17:42:46,630 - log_little_shark_v_2_1 - INFO - 15m_200_40_80_cointegrated_pairs.csv has been completed
2023-08-06 17:42:50,893 - log_little_shark_v_2_1 - INFO - 15m_200_40_80_cointegrated_pairs.csv has been completed
2023-08-06 17:42:55,101 - log_little_shark_v_2_1 - INFO - 15m_200_40_120_cointegrated_pairs.csv has been completed
2023-08-06 17:42:59,295 - log_little_shark_v_2_1 - INFO - 15m_200_40_120_cointegrated_pairs.csv has been completed
2023-08-06 17:43:03,453 - log_little_shark_v_2_1 - INFO - 15m_200_80_20_cointegrated_pairs.csv has been completed
2023-08-06 17:43:07,621 - log_little_shark_v_2_1 - INFO - 15m_200_80_20_cointegrated_pairs.csv has been completed
2023-08-06 17:43:11,781 - log_little_shark_v_2_1 - INFO - 15m_200_80_40_cointegrated_pairs.csv has been completed
2023-08-06 17:43:15,968 - log_little_shark_v_2_1 - INFO - 15m_200_80_40_cointegrated_pairs.csv has been completed
2023-08-06 17:43:20,199 - log_little_shark_v_2_1 - INFO - 15m_200_80_80_cointegrated_pairs.csv has been completed
2023-08-06 17:43:24,445 - log_little_shark_v_2_1 - INFO - 15m_200_80_80_cointegrated_pairs.csv has been completed
2023-08-06 17:43:28,670 - log_little_shark_v_2_1 - INFO - 15m_200_80_120_cointegrated_pairs.csv has been completed
2023-08-06 17:43:32,932 - log_little_shark_v_2_1 - INFO - 15m_200_80_120_cointegrated_pairs.csv has been completed
2023-08-06 17:43:37,288 - log_little_shark_v_2_1 - INFO - 15m_200_120_20_cointegrated_pairs.csv has been completed
2023-08-06 17:43:41,562 - log_little_shark_v_2_1 - INFO - 15m_200_120_20_cointegrated_pairs.csv has been completed
2023-08-06 17:43:45,801 - log_little_shark_v_2_1 - INFO - 15m_200_120_40_cointegrated_pairs.csv has been completed
2023-08-06 17:43:50,063 - log_little_shark_v_2_1 - INFO - 15m_200_120_40_cointegrated_pairs.csv has been completed
2023-08-06 17:43:54,432 - log_little_shark_v_2_1 - INFO - 15m_200_120_80_cointegrated_pairs.csv has been completed
2023-08-06 17:43:58,785 - log_little_shark_v_2_1 - INFO - 15m_200_120_80_cointegrated_pairs.csv has been completed
2023-08-06 17:44:02,999 - log_little_shark_v_2_1 - INFO - 15m_200_120_120_cointegrated_pairs.csv has been completed
2023-08-06 17:44:07,211 - log_little_shark_v_2_1 - INFO - 15m_200_120_120_cointegrated_pairs.csv has been completed
2023-08-06 17:44:13,835 - log_little_shark_v_2_1 - INFO - 15m_400_20_20_cointegrated_pairs.csv has been completed
2023-08-06 17:44:20,444 - log_little_shark_v_2_1 - INFO - 15m_400_20_20_cointegrated_pairs.csv has been completed
2023-08-06 17:44:27,149 - log_little_shark_v_2_1 - INFO - 15m_400_20_40_cointegrated_pairs.csv has been completed
2023-08-06 17:44:33,791 - log_little_shark_v_2_1 - INFO - 15m_400_20_40_cointegrated_pairs.csv has been completed
2023-08-06 17:44:40,559 - log_little_shark_v_2_1 - INFO - 15m_400_20_80_cointegrated_pairs.csv has been completed
2023-08-06 17:44:47,310 - log_little_shark_v_2_1 - INFO - 15m_400_20_80_cointegrated_pairs.csv has been completed
2023-08-06 17:44:54,098 - log_little_shark_v_2_1 - INFO - 15m_400_20_120_cointegrated_pairs.csv has been completed
2023-08-06 17:45:00,985 - log_little_shark_v_2_1 - INFO - 15m_400_20_120_cointegrated_pairs.csv has been completed
2023-08-06 17:45:07,609 - log_little_shark_v_2_1 - INFO - 15m_400_40_20_cointegrated_pairs.csv has been completed
2023-08-06 17:45:14,271 - log_little_shark_v_2_1 - INFO - 15m_400_40_20_cointegrated_pairs.csv has been completed
2023-08-06 17:45:20,967 - log_little_shark_v_2_1 - INFO - 15m_400_40_40_cointegrated_pairs.csv has been completed
2023-08-06 17:45:27,638 - log_little_shark_v_2_1 - INFO - 15m_400_40_40_cointegrated_pairs.csv has been completed
2023-08-06 17:45:34,398 - log_little_shark_v_2_1 - INFO - 15m_400_40_80_cointegrated_pairs.csv has been completed
2023-08-06 17:45:41,161 - log_little_shark_v_2_1 - INFO - 15m_400_40_80_cointegrated_pairs.csv has been completed
2023-08-06 17:45:47,981 - log_little_shark_v_2_1 - INFO - 15m_400_40_120_cointegrated_pairs.csv has been completed
2023-08-06 17:45:54,840 - log_little_shark_v_2_1 - INFO - 15m_400_40_120_cointegrated_pairs.csv has been completed
2023-08-06 17:46:01,473 - log_little_shark_v_2_1 - INFO - 15m_400_80_20_cointegrated_pairs.csv has been completed
2023-08-06 17:46:08,074 - log_little_shark_v_2_1 - INFO - 15m_400_80_20_cointegrated_pairs.csv has been completed
2023-08-06 17:46:14,755 - log_little_shark_v_2_1 - INFO - 15m_400_80_40_cointegrated_pairs.csv has been completed
2023-08-06 17:46:21,422 - log_little_shark_v_2_1 - INFO - 15m_400_80_40_cointegrated_pairs.csv has been completed
2023-08-06 17:46:28,165 - log_little_shark_v_2_1 - INFO - 15m_400_80_80_cointegrated_pairs.csv has been completed
2023-08-06 17:46:34,949 - log_little_shark_v_2_1 - INFO - 15m_400_80_80_cointegrated_pairs.csv has been completed
2023-08-06 17:46:41,730 - log_little_shark_v_2_1 - INFO - 15m_400_80_120_cointegrated_pairs.csv has been completed
2023-08-06 17:46:48,695 - log_little_shark_v_2_1 - INFO - 15m_400_80_120_cointegrated_pairs.csv has been completed
2023-08-06 17:46:55,400 - log_little_shark_v_2_1 - INFO - 15m_400_120_20_cointegrated_pairs.csv has been completed
2023-08-06 17:47:02,118 - log_little_shark_v_2_1 - INFO - 15m_400_120_20_cointegrated_pairs.csv has been completed
2023-08-06 17:47:09,032 - log_little_shark_v_2_1 - INFO - 15m_400_120_40_cointegrated_pairs.csv has been completed
2023-08-06 17:47:15,821 - log_little_shark_v_2_1 - INFO - 15m_400_120_40_cointegrated_pairs.csv has been completed
2023-08-06 17:47:22,670 - log_little_shark_v_2_1 - INFO - 15m_400_120_80_cointegrated_pairs.csv has been completed
2023-08-06 17:47:29,621 - log_little_shark_v_2_1 - INFO - 15m_400_120_80_cointegrated_pairs.csv has been completed
2023-08-06 17:47:36,439 - log_little_shark_v_2_1 - INFO - 15m_400_120_120_cointegrated_pairs.csv has been completed
2023-08-06 17:47:43,306 - log_little_shark_v_2_1 - INFO - 15m_400_120_120_cointegrated_pairs.csv has been completed
2023-08-06 17:47:43,313 - log_little_shark_v_2_1 - CRITICAL - Parameters found, {'trainning_period': 200, 'spread_window': 20, 'z_score_window': 40, 'z_score_threshod': 1.6}
2023-08-06 17:48:48,825 - log_little_shark_v_2_1 - INFO - test
2023-08-06 17:48:49,602 - log_little_shark_v_2_1 - INFO - Getting tradable symbols from Binance.
2023-08-06 17:49:07,973 - log_little_shark_v_2_1 - INFO - 56 pairs found
2023-08-06 17:49:07,975 - log_little_shark_v_2_1 - INFO - Deriving recent price, with the interval of 15m and num of interval limit 200
2023-08-06 17:49:14,991 - log_little_shark_v_2_1 - INFO - 56 items stored, 0items not stored
2023-08-06 17:49:15,011 - log_little_shark_v_2_1 - INFO - Prices saved successfully.
2023-08-06 17:49:15,011 - log_little_shark_v_2_1 - INFO - Obtaining co-integrated pairs
2023-08-06 17:49:43,730 - log_little_shark_v_2_1 - INFO - Obtaining co-integrated pairs complete.
2023-08-06 17:49:43,733 - log_little_shark_v_2_1 - INFO - Filtering trading pairs based on static hedge-ratio backtesting
2023-08-06 17:49:43,736 - log_little_shark_v_2_1 - INFO - Get trading pairs based on dynamic hedge-ratio backtesting
2023-08-06 17:49:43,779 - log_little_shark_v_2_1 - INFO - Filtering trading pairs based on dynamic hedge-ratio backtesting
2023-08-06 17:49:43,780 - log_little_shark_v_2_1 - CRITICAL - Tradable symbols found LTCUSDT and TRXUSDT
2023-08-06 17:52:15,331 - log_little_shark_v_2_1 - INFO - test
2023-08-06 17:52:23,300 - log_little_shark_v_2_1 - INFO - test
2023-08-06 17:52:40,816 - log_little_shark_v_2_1 - INFO - test
2023-08-06 17:52:48,436 - log_little_shark_v_2_1 - INFO - test
2023-08-06 17:53:50,028 - log_little_shark_v_2_1 - INFO - test
2023-08-06 17:54:02,564 - log_little_shark_v_2_1 - INFO - test
2023-08-06 17:54:18,857 - log_little_shark_v_2_1 - INFO - test
2023-08-06 17:54:22,276 - log_little_shark_v_2_1 - INFO - test
2023-08-06 17:54:24,350 - log_little_shark_v_2_1 - INFO - test
2023-08-06 17:55:18,103 - log_little_shark_v_2_1 - INFO - test
2023-08-06 17:55:32,501 - log_little_shark_v_2_1 - INFO - test
2023-08-07 14:24:07,781 - log_little_shark_v_2_1 - INFO - test
2023-08-07 14:24:45,604 - log_little_shark_v_2_1 - INFO - 51 pairs found
2023-08-07 14:25:21,736 - log_little_shark_v_2_1 - INFO - 51 items stored, 0items not stored
2023-08-07 14:25:21,791 - log_little_shark_v_2_1 - INFO - Prices saved successfully.
2023-08-07 14:25:26,798 - log_little_shark_v_2_1 - INFO - price saved
2023-08-07 14:25:30,146 - log_little_shark_v_2_1 - INFO - 30m_200_20_20_1.2 has been completed
2023-08-07 14:25:33,463 - log_little_shark_v_2_1 - INFO - 30m_200_20_20_1.6 has been completed
2023-08-07 14:25:36,803 - log_little_shark_v_2_1 - INFO - 30m_200_20_40_1.2 has been completed
2023-08-07 14:25:40,250 - log_little_shark_v_2_1 - INFO - 30m_200_20_40_1.6 has been completed
2023-08-07 14:25:43,725 - log_little_shark_v_2_1 - INFO - 30m_200_20_80_1.2 has been completed
2023-08-07 14:25:47,224 - log_little_shark_v_2_1 - INFO - 30m_200_20_80_1.6 has been completed
2023-08-07 14:25:50,679 - log_little_shark_v_2_1 - INFO - 30m_200_20_120_1.2 has been completed
2023-08-07 14:25:54,244 - log_little_shark_v_2_1 - INFO - 30m_200_20_120_1.6 has been completed
2023-08-07 14:25:57,698 - log_little_shark_v_2_1 - INFO - 30m_200_40_20_1.2 has been completed
2023-08-07 14:26:01,061 - log_little_shark_v_2_1 - INFO - 30m_200_40_20_1.6 has been completed
2023-08-07 14:26:04,434 - log_little_shark_v_2_1 - INFO - 30m_200_40_40_1.2 has been completed
2023-08-07 14:26:07,856 - log_little_shark_v_2_1 - INFO - 30m_200_40_40_1.6 has been completed
2023-08-07 14:26:11,331 - log_little_shark_v_2_1 - INFO - 30m_200_40_80_1.2 has been completed
2023-08-07 14:26:14,872 - log_little_shark_v_2_1 - INFO - 30m_200_40_80_1.6 has been completed
2023-08-07 14:26:18,337 - log_little_shark_v_2_1 - INFO - 30m_200_40_120_1.2 has been completed
2023-08-07 14:26:21,842 - log_little_shark_v_2_1 - INFO - 30m_200_40_120_1.6 has been completed
2023-08-07 14:26:25,186 - log_little_shark_v_2_1 - INFO - 30m_200_80_20_1.2 has been completed
2023-08-07 14:26:28,547 - log_little_shark_v_2_1 - INFO - 30m_200_80_20_1.6 has been completed
2023-08-07 14:26:31,948 - log_little_shark_v_2_1 - INFO - 30m_200_80_40_1.2 has been completed
2023-08-07 14:26:35,344 - log_little_shark_v_2_1 - INFO - 30m_200_80_40_1.6 has been completed
2023-08-07 14:26:38,818 - log_little_shark_v_2_1 - INFO - 30m_200_80_80_1.2 has been completed
2023-08-07 14:26:42,326 - log_little_shark_v_2_1 - INFO - 30m_200_80_80_1.6 has been completed
2023-08-07 14:26:45,806 - log_little_shark_v_2_1 - INFO - 30m_200_80_120_1.2 has been completed
2023-08-07 14:26:49,321 - log_little_shark_v_2_1 - INFO - 30m_200_80_120_1.6 has been completed
2023-08-07 14:26:52,683 - log_little_shark_v_2_1 - INFO - 30m_200_120_20_1.2 has been completed
2023-08-07 14:26:56,026 - log_little_shark_v_2_1 - INFO - 30m_200_120_20_1.6 has been completed
2023-08-07 14:26:59,403 - log_little_shark_v_2_1 - INFO - 30m_200_120_40_1.2 has been completed
2023-08-07 14:27:02,834 - log_little_shark_v_2_1 - INFO - 30m_200_120_40_1.6 has been completed
2023-08-07 14:27:06,321 - log_little_shark_v_2_1 - INFO - 30m_200_120_80_1.2 has been completed
2023-08-07 14:27:09,832 - log_little_shark_v_2_1 - INFO - 30m_200_120_80_1.6 has been completed
2023-08-07 14:27:13,319 - log_little_shark_v_2_1 - INFO - 30m_200_120_120_1.2 has been completed
2023-08-07 14:27:16,868 - log_little_shark_v_2_1 - INFO - 30m_200_120_120_1.6 has been completed
2023-08-07 14:27:22,178 - log_little_shark_v_2_1 - INFO - 30m_400_20_20_1.2 has been completed
2023-08-07 14:27:27,464 - log_little_shark_v_2_1 - INFO - 30m_400_20_20_1.6 has been completed
2023-08-07 14:27:32,826 - log_little_shark_v_2_1 - INFO - 30m_400_20_40_1.2 has been completed
2023-08-07 14:27:38,154 - log_little_shark_v_2_1 - INFO - 30m_400_20_40_1.6 has been completed
2023-08-07 14:27:43,507 - log_little_shark_v_2_1 - INFO - 30m_400_20_80_1.2 has been completed
2023-08-07 14:27:48,873 - log_little_shark_v_2_1 - INFO - 30m_400_20_80_1.6 has been completed
2023-08-07 14:27:54,333 - log_little_shark_v_2_1 - INFO - 30m_400_20_120_1.2 has been completed
2023-08-07 14:27:59,740 - log_little_shark_v_2_1 - INFO - 30m_400_20_120_1.6 has been completed
2023-08-07 14:28:05,097 - log_little_shark_v_2_1 - INFO - 30m_400_40_20_1.2 has been completed
2023-08-07 14:28:10,402 - log_little_shark_v_2_1 - INFO - 30m_400_40_20_1.6 has been completed
2023-08-07 14:28:15,729 - log_little_shark_v_2_1 - INFO - 30m_400_40_40_1.2 has been completed
2023-08-07 14:28:21,089 - log_little_shark_v_2_1 - INFO - 30m_400_40_40_1.6 has been completed
2023-08-07 14:28:26,442 - log_little_shark_v_2_1 - INFO - 30m_400_40_80_1.2 has been completed
2023-08-07 14:28:31,768 - log_little_shark_v_2_1 - INFO - 30m_400_40_80_1.6 has been completed
2023-08-07 14:28:37,247 - log_little_shark_v_2_1 - INFO - 30m_400_40_120_1.2 has been completed
2023-08-07 14:28:42,670 - log_little_shark_v_2_1 - INFO - 30m_400_40_120_1.6 has been completed
2023-08-07 14:28:47,980 - log_little_shark_v_2_1 - INFO - 30m_400_80_20_1.2 has been completed
2023-08-07 14:28:53,298 - log_little_shark_v_2_1 - INFO - 30m_400_80_20_1.6 has been completed
2023-08-07 14:28:58,635 - log_little_shark_v_2_1 - INFO - 30m_400_80_40_1.2 has been completed
2023-08-07 14:29:03,957 - log_little_shark_v_2_1 - INFO - 30m_400_80_40_1.6 has been completed
2023-08-07 14:29:09,347 - log_little_shark_v_2_1 - INFO - 30m_400_80_80_1.2 has been completed
2023-08-07 14:29:14,681 - log_little_shark_v_2_1 - INFO - 30m_400_80_80_1.6 has been completed
2023-08-07 14:29:20,136 - log_little_shark_v_2_1 - INFO - 30m_400_80_120_1.2 has been completed
2023-08-07 14:29:25,601 - log_little_shark_v_2_1 - INFO - 30m_400_80_120_1.6 has been completed
2023-08-07 14:29:30,925 - log_little_shark_v_2_1 - INFO - 30m_400_120_20_1.2 has been completed
2023-08-07 14:29:36,233 - log_little_shark_v_2_1 - INFO - 30m_400_120_20_1.6 has been completed
2023-08-07 14:29:41,598 - log_little_shark_v_2_1 - INFO - 30m_400_120_40_1.2 has been completed
2023-08-07 14:29:46,924 - log_little_shark_v_2_1 - INFO - 30m_400_120_40_1.6 has been completed
2023-08-07 14:29:52,284 - log_little_shark_v_2_1 - INFO - 30m_400_120_80_1.2 has been completed
2023-08-07 14:29:57,642 - log_little_shark_v_2_1 - INFO - 30m_400_120_80_1.6 has been completed
2023-08-07 14:30:03,093 - log_little_shark_v_2_1 - INFO - 30m_400_120_120_1.2 has been completed
2023-08-07 14:30:08,504 - log_little_shark_v_2_1 - INFO - 30m_400_120_120_1.6 has been completed
